<?xml version="1.0" encoding="UTF-8"?>
<!-- Generated by org.testng.reporters.JUnitXMLReporter -->
<testsuite ignored="2" hostname="LAPTOP-634875P7" failures="0" tests="1" name="Default test" time="20.648" errors="0" timestamp="2025-02-26T11:41:41 IST">
  <testcase classname="com.ui.tests.Logintest3" name="LoginExcelTest" time="3.253"/>
  <testcase classname="com.ui.tests.Logintest3" name="LoginCSVTest" time="0.0">
    <ignored/>
  </testcase> <!-- LoginCSVTest -->
  <testcase classname="com.ui.tests.Logintest3" name="LoginTest" time="0.0">
    <ignored/>
  </testcase> <!-- LoginTest -->
</testsuite> <!-- Default test -->
