<?xml version="1.0" encoding="UTF-8"?>
<testng-results ignored="2" total="3" passed="1" failed="0" skipped="0">
  <reporter-output>
  </reporter-output>
  <suite started-at="2025-02-26T11:41:20 IST" name="Default suite" finished-at="2025-02-26T11:41:41 IST" duration-ms="20648">
    <groups>
      <group name="sanity">
        <method signature="Logintest3.LoginExcelTest(com.ui.pojo.user)[pri:0, instance:com.ui.tests.Logintest3@2f7298b]" name="LoginExcelTest" class="com.ui.tests.Logintest3"/>
      </group> <!-- sanity -->
      <group name="e2e">
        <method signature="Logintest3.LoginExcelTest(com.ui.pojo.user)[pri:0, instance:com.ui.tests.Logintest3@2f7298b]" name="LoginExcelTest" class="com.ui.tests.Logintest3"/>
      </group> <!-- e2e -->
    </groups>
    <test started-at="2025-02-26T11:41:20 IST" name="Default test" finished-at="2025-02-26T11:41:41 IST" duration-ms="20648">
      <class name="com.ui.tests.Logintest3">
        <test-method is-config="true" signature="setup()[pri:0, instance:com.ui.tests.Logintest3@2f7298b]" started-at="2025-02-26T11:41:21 IST" name="setup" description="Load the Homepage of the Website" finished-at="2025-02-26T11:41:38 IST" duration-ms="16487" status="PASS">
          <reporter-output>
          </reporter-output>
        </test-method> <!-- setup -->
        <test-method signature="LoginExcelTest(com.ui.pojo.user)[pri:0, instance:com.ui.tests.Logintest3@2f7298b]" started-at="2025-02-26T11:41:38 IST" name="LoginExcelTest" description="Verifies with the valid user is able to login into the application" data-provider="LoginTestExceldataproviders" finished-at="2025-02-26T11:41:41 IST" duration-ms="3253" status="PASS">
          <params>
            <param index="0">
              <value>
                <![CDATA[user [emailAddress=nakerib538@apifan.com, password=Sigma@2182]]]>
              </value>
            </param>
          </params>
          <reporter-output>
          </reporter-output>
        </test-method> <!-- LoginExcelTest -->
      </class> <!-- com.ui.tests.Logintest3 -->
    </test> <!-- Default test -->
  </suite> <!-- Default suite -->
</testng-results>
